c:\users\ira\desktop\smu_glsl_template\cse5382_project_template\cse5382_project_template\release\vc120.pdb
c:\users\ira\desktop\smu_glsl_template\cse5382_project_template\cse5382_project_template\release\protoshader.obj
c:\users\ira\desktop\smu_glsl_template\cse5382_project_template\cse5382_project_template\release\protorenderer.obj
c:\users\ira\desktop\smu_glsl_template\cse5382_project_template\cse5382_project_template\release\protomath.obj
c:\users\ira\desktop\smu_glsl_template\cse5382_project_template\cse5382_project_template\release\protolight.obj
c:\users\ira\desktop\smu_glsl_template\cse5382_project_template\cse5382_project_template\release\protojuncuseffusus.obj
c:\users\ira\desktop\smu_glsl_template\cse5382_project_template\cse5382_project_template\release\protogroundplane.obj
c:\users\ira\desktop\smu_glsl_template\cse5382_project_template\cse5382_project_template\release\protogeosphere.obj
c:\users\ira\desktop\smu_glsl_template\cse5382_project_template\cse5382_project_template\release\protogeom3.obj
c:\users\ira\desktop\smu_glsl_template\cse5382_project_template\cse5382_project_template\release\protofrenetframe.obj
c:\users\ira\desktop\smu_glsl_template\cse5382_project_template\cse5382_project_template\release\protoface3.obj
c:\users\ira\desktop\smu_glsl_template\cse5382_project_template\cse5382_project_template\release\protocylinder.obj
c:\users\ira\desktop\smu_glsl_template\cse5382_project_template\cse5382_project_template\release\protocurve3.obj
c:\users\ira\desktop\smu_glsl_template\cse5382_project_template\cse5382_project_template\release\protocilia.obj
c:\users\ira\desktop\smu_glsl_template\cse5382_project_template\cse5382_project_template\release\protocephalopod.obj
c:\users\ira\desktop\smu_glsl_template\cse5382_project_template\cse5382_project_template\release\protocamera.obj
c:\users\ira\desktop\smu_glsl_template\cse5382_project_template\cse5382_project_template\release\protoblock.obj
c:\users\ira\desktop\smu_glsl_template\cse5382_project_template\cse5382_project_template\release\protoanimator.obj
c:\users\ira\desktop\smu_glsl_template\cse5382_project_template\cse5382_project_template\release\protoplasm.obj
c:\users\ira\desktop\smu_glsl_template\cse5382_project_template\cse5382_project_template\release\protomain.obj
c:\users\ira\desktop\smu_glsl_template\cse5382_project_template\cse5382_project_template\release\protobaseapp.obj
c:\users\ira\desktop\smu_glsl_template\cse5382_project_template\cse5382_project_template\release\protojuncuseffusus01.obj
c:\users\ira\desktop\smu_glsl_template\cse5382_project_template\cse5382_project_template\release\protoworld.obj
c:\users\ira\desktop\smu_glsl_template\cse5382_project_template\cse5382_project_template\release\protovertex3.obj
c:\users\ira\desktop\smu_glsl_template\cse5382_project_template\cse5382_project_template\release\protoverletstick.obj
c:\users\ira\desktop\smu_glsl_template\cse5382_project_template\cse5382_project_template\release\protoverletball.obj
c:\users\ira\desktop\smu_glsl_template\cse5382_project_template\cse5382_project_template\release\protoutility.obj
c:\users\ira\desktop\smu_glsl_template\cse5382_project_template\cse5382_project_template\release\prototube.obj
c:\users\ira\desktop\smu_glsl_template\cse5382_project_template\cse5382_project_template\release\prototransformfunction.obj
c:\users\ira\desktop\smu_glsl_template\cse5382_project_template\cse5382_project_template\release\prototoroid.obj
c:\users\ira\desktop\smu_glsl_template\cse5382_project_template\cse5382_project_template\release\prototexture.obj
c:\users\ira\desktop\smu_glsl_template\cse5382_project_template\cse5382_project_template\release\prototentacle.obj
c:\users\ira\desktop\smu_glsl_template\cse5382_project_template\cse5382_project_template\release\protospline3.obj
c:\users\ira\desktop\smu_glsl_template\cse5382_project_template\cse5382_project_template\release\protosphere.obj
c:\users\ira\desktop\smu_glsl_template\cse5382_project_template\cse5382_project_template\release\protoshape3.obj
c:\users\ira\desktop\smu_glsl_template\cse5382_project_template\release\cse5382_project_template.exe
c:\users\ira\desktop\smu_glsl_template\cse5382_project_template\release\cse5382_project_template.pdb
c:\users\ira\desktop\smu_glsl_template\cse5382_project_template\cse5382_project_template\release\cse5382_.87eccc50.tlog\cl.command.1.tlog
c:\users\ira\desktop\smu_glsl_template\cse5382_project_template\cse5382_project_template\release\cse5382_.87eccc50.tlog\cl.read.1.tlog
c:\users\ira\desktop\smu_glsl_template\cse5382_project_template\cse5382_project_template\release\cse5382_.87eccc50.tlog\cl.write.1.tlog
c:\users\ira\desktop\smu_glsl_template\cse5382_project_template\cse5382_project_template\release\cse5382_.87eccc50.tlog\link.command.1.tlog
c:\users\ira\desktop\smu_glsl_template\cse5382_project_template\cse5382_project_template\release\cse5382_.87eccc50.tlog\link.read.1.tlog
c:\users\ira\desktop\smu_glsl_template\cse5382_project_template\cse5382_project_template\release\cse5382_.87eccc50.tlog\link.write.1.tlog
