Build started 3/24/2014 11:48:04 PM.
     1>Project "C:\Users\Ira\Desktop\SMU_GLSL_Template\cse5382_project_template\cse5382_project_template\cse5382_project_template.vcxproj" on node 2 (Build target(s)).
     1>Link:
         C:\Program Files (x86)\Microsoft Visual Studio 12.0\VC\bin\link.exe /ERRORREPORT:PROMPT /OUT:"C:\Users\Ira\Desktop\SMU_GLSL_Template\cse5382_project_template\Debug\cse5382_project_template.exe" /INCREMENTAL /NOLOGO /LIBPATH:"..\..\Protobyte\other_libs\glfw-3.0.4.bin.WIN32\lib-msvc110" /LIBPATH:"..\..\Protobyte\other_libs\glew-1.10.0\glew-1.10.0\lib\Release\Win32" /LIBPATH:..\..\Protobyte\other_libs\FreeImage.WIN32\Dist glew32.lib opengl32.lib glu32.lib glfw3.lib freeImage.lib kernel32.lib user32.lib gdi32.lib winspool.lib comdlg32.lib advapi32.lib shell32.lib ole32.lib oleaut32.lib uuid.lib odbc32.lib odbccp32.lib /MANIFEST /MANIFESTUAC:"level='asInvoker' uiAccess='false'" /manifest:embed /DEBUG /PDB:"C:\Users\Ira\Desktop\SMU_GLSL_Template\cse5382_project_template\Debug\cse5382_project_template.pdb" /TLBID:1 /DYNAMICBASE /NXCOMPAT /IMPLIB:"C:\Users\Ira\Desktop\SMU_GLSL_Template\cse5382_project_template\Debug\cse5382_project_template.lib" /MACHINE:X86 Debug\ProtoBaseApp.obj
         Debug\ProtoMain.obj
         Debug\ProtoPlasm.obj
         Debug\ProtoAnimator.obj
         Debug\ProtoBlock.obj
         Debug\ProtoCamera.obj
         Debug\ProtoCephalopod.obj
         Debug\ProtoCilia.obj
         Debug\ProtoCurve3.obj
         Debug\ProtoCylinder.obj
         Debug\ProtoFace3.obj
         Debug\ProtoFrenetFrame.obj
         Debug\ProtoGeom3.obj
         Debug\ProtoGeosphere.obj
         Debug\ProtoGroundPlane.obj
         Debug\ProtoJuncusEffusus.obj
         Debug\ProtoLight.obj
         Debug\ProtoMath.obj
         Debug\ProtoRenderer.obj
         Debug\ProtoShader.obj
         Debug\ProtoShape3.obj
         Debug\ProtoSphere.obj
         Debug\ProtoSpline3.obj
         Debug\ProtoTentacle.obj
         Debug\ProtoTexture.obj
         Debug\ProtoToroid.obj
         Debug\ProtoTransformFunction.obj
         Debug\ProtoTube.obj
         Debug\ProtoUtility.obj
         Debug\ProtoVerletBall.obj
         Debug\ProtoVerletStick.obj
         Debug\ProtoVertex3.obj
         Debug\ProtoWorld.obj
         Debug\ProtoJuncusEffusus01.obj
     1>LINK : warning LNK4098: defaultlib 'MSVCRT' conflicts with use of other libs; use /NODEFAULTLIB:library
         cse5382_project_template.vcxproj -> C:\Users\Ira\Desktop\SMU_GLSL_Template\cse5382_project_template\Debug\cse5382_project_template.exe
     1>Done Building Project "C:\Users\Ira\Desktop\SMU_GLSL_Template\cse5382_project_template\cse5382_project_template\cse5382_project_template.vcxproj" (Build target(s)).

Build succeeded.

Time Elapsed 00:00:00.49
